<?xml version="1.0" encoding="UTF-8"?>
<testng-results ignored="0" total="1" passed="1" failed="0" skipped="0">
  <reporter-output>
  </reporter-output>
  <suite started-at="2023-06-10T19:51:22 BST" name="Default suite" finished-at="2023-06-10T19:51:54 BST" duration-ms="31832">
    <groups>
    </groups>
    <test started-at="2023-06-10T19:51:22 BST" name="Default test" finished-at="2023-06-10T19:51:54 BST" duration-ms="31832">
      <class name="com.automationpractice_test1.Searchtest1">
        <test-method signature="searchtest()[pri:0, instance:com.automationpractice_test1.Searchtest1@576d5deb]" started-at="2023-06-10T19:51:22 BST" name="searchtest" finished-at="2023-06-10T19:51:54 BST" duration-ms="31761" status="PASS">
          <reporter-output>
          </reporter-output>
        </test-method> <!-- searchtest -->
      </class> <!-- com.automationpractice_test1.Searchtest1 -->
    </test> <!-- Default test -->
  </suite> <!-- Default suite -->
</testng-results>
