<?xml version="1.0" encoding="UTF-8"?>
<testng-results ignored="0" total="1" passed="1" failed="0" skipped="0">
  <reporter-output>
  </reporter-output>
  <suite started-at="2023-06-06T11:59:03 BST" name="Default suite" finished-at="2023-06-06T11:59:11 BST" duration-ms="8057">
    <groups>
    </groups>
    <test started-at="2023-06-06T11:59:03 BST" name="Default test" finished-at="2023-06-06T11:59:11 BST" duration-ms="8057">
      <class name="com.automationpractice_test1.Searchtest1">
        <test-method signature="searchtest()[pri:0, instance:com.automationpractice_test1.Searchtest1@60bd273d]" started-at="2023-06-06T11:59:03 BST" name="searchtest" finished-at="2023-06-06T11:59:11 BST" duration-ms="7970" status="PASS">
          <reporter-output>
          </reporter-output>
        </test-method> <!-- searchtest -->
      </class> <!-- com.automationpractice_test1.Searchtest1 -->
    </test> <!-- Default test -->
  </suite> <!-- Default suite -->
</testng-results>
